2017-07-07 19:39:27,533 38192 [ForkJoinPool-2-worker-1] DEBUG o.s.core.env.StandardEnvironment.109  - Adding [systemProperties] PropertySource with lowest search precedence
2017-07-07 19:39:27,536 38195 [ForkJoinPool-2-worker-1] DEBUG o.s.core.env.StandardEnvironment.109  - Adding [systemEnvironment] PropertySource with lowest search precedence
2017-07-07 19:39:27,537 38196 [ForkJoinPool-2-worker-1] DEBUG o.s.core.env.StandardEnvironment.127  - Initialized StandardEnvironment with PropertySources [systemProperties,systemEnvironment]
2017-07-07 19:39:27,540 38199 [ForkJoinPool-2-worker-1] INFO  o.s.c.s.ClassPathXmlApplicationContext.578  - Refreshing org.springframework.context.support.ClassPathXmlApplicationContext@5f55a4e0: startup date [Fri Jul 07 19:39:27 IST 2017]; root of context hierarchy
2017-07-07 19:39:27,583 38242 [ForkJoinPool-2-worker-1] DEBUG o.s.core.env.StandardEnvironment.109  - Adding [systemProperties] PropertySource with lowest search precedence
2017-07-07 19:39:27,583 38242 [ForkJoinPool-2-worker-1] DEBUG o.s.core.env.StandardEnvironment.109  - Adding [systemEnvironment] PropertySource with lowest search precedence
2017-07-07 19:39:27,583 38242 [ForkJoinPool-2-worker-1] DEBUG o.s.core.env.StandardEnvironment.127  - Initialized StandardEnvironment with PropertySources [systemProperties,systemEnvironment]
2017-07-07 19:39:27,596 38255 [ForkJoinPool-2-worker-1] INFO  o.s.b.f.xml.XmlBeanDefinitionReader.317  - Loading XML bean definitions from class path resource [applicationContext-integration.xml]
2017-07-07 19:39:27,611 38270 [ForkJoinPool-2-worker-1] DEBUG o.s.b.f.xml.DefaultDocumentLoader.73  - Using JAXP provider [org.apache.xerces.jaxp.DocumentBuilderFactoryImpl]
2017-07-07 19:39:27,743 38402 [ForkJoinPool-2-worker-1] DEBUG o.s.b.f.xml.PluggableSchemaResolver.141  - Loading schema mappings from [META-INF/spring.schemas]
2017-07-07 19:39:27,752 38411 [ForkJoinPool-2-worker-1] DEBUG o.s.b.f.xml.PluggableSchemaResolver.147  - Loaded schema mappings: {http://www.springframework.org/schema/cache/spring-cache-4.2.xsd=org/springframework/cache/config/spring-cache-4.2.xsd, http://www.springframework.org/schema/aop/spring-aop-4.1.xsd=org/springframework/aop/config/spring-aop-4.1.xsd, http://www.springframework.org/schema/context/spring-context-3.1.xsd=org/springframework/context/config/spring-context-3.1.xsd, http://www.springframework.org/schema/mvc/spring-mvc-4.1.xsd=org/springframework/web/servlet/config/spring-mvc-4.1.xsd, http://www.springframework.org/schema/util/spring-util-3.0.xsd=org/springframework/beans/factory/xml/spring-util-3.0.xsd, http://www.springframework.org/schema/aop/spring-aop-3.2.xsd=org/springframework/aop/config/spring-aop-3.2.xsd, http://www.springframework.org/schema/tool/spring-tool.xsd=org/springframework/beans/factory/xml/spring-tool-4.2.xsd, http://www.springframework.org/schema/lang/spring-lang-4.1.xsd=org/springframework/scripting/config/spring-lang-4.1.xsd, http://www.springframework.org/schema/context/spring-context-4.0.xsd=org/springframework/context/config/spring-context-4.0.xsd, http://www.springframework.org/schema/mvc/spring-mvc-3.2.xsd=org/springframework/web/servlet/config/spring-mvc-3.2.xsd, http://www.springframework.org/schema/beans/spring-beans-4.2.xsd=org/springframework/beans/factory/xml/spring-beans-4.2.xsd, http://www.springframework.org/schema/oxm/spring-oxm-3.0.xsd=org/springframework/oxm/config/spring-oxm-3.0.xsd, http://www.springframework.org/schema/tool/spring-tool-4.1.xsd=org/springframework/beans/factory/xml/spring-tool-4.1.xsd, http://www.springframework.org/schema/lang/spring-lang-3.2.xsd=org/springframework/scripting/config/spring-lang-3.2.xsd, http://www.springframework.org/schema/cache/spring-cache-3.2.xsd=org/springframework/cache/config/spring-cache-3.2.xsd, http://www.springframework.org/schema/jee/spring-jee-4.1.xsd=org/springframework/ejb/config/spring-jee-4.1.xsd, http://www.springframework.org/schema/util/spring-util-2.0.xsd=org/springframework/beans/factory/xml/spring-util-2.0.xsd, http://www.springframework.org/schema/task/spring-task-4.2.xsd=org/springframework/scheduling/config/spring-task-4.2.xsd, http://www.springframework.org/schema/tool/spring-tool-3.2.xsd=org/springframework/beans/factory/xml/spring-tool-3.2.xsd, http://www.springframework.org/schema/context/spring-context.xsd=org/springframework/context/config/spring-context-4.2.xsd, http://www.springframework.org/schema/cache/spring-cache-4.1.xsd=org/springframework/cache/config/spring-cache-4.1.xsd, http://www.springframework.org/schema/aop/spring-aop-4.0.xsd=org/springframework/aop/config/spring-aop-4.0.xsd, http://www.springframework.org/schema/jee/spring-jee-3.2.xsd=org/springframework/ejb/config/spring-jee-3.2.xsd, http://www.springframework.org/schema/context/spring-context-3.0.xsd=org/springframework/context/config/spring-context-3.0.xsd, http://www.springframework.org/schema/mvc/spring-mvc-4.0.xsd=org/springframework/web/servlet/config/spring-mvc-4.0.xsd, http://www.springframework.org/schema/util/spring-util-2.5.xsd=org/springframework/beans/factory/xml/spring-util-2.5.xsd, http://www.springframework.org/schema/beans/spring-beans-3.2.xsd=org/springframework/beans/factory/xml/spring-beans-3.2.xsd, http://www.springframework.org/schema/aop/spring-aop-3.1.xsd=org/springframework/aop/config/spring-aop-3.1.xsd, http://www.springframework.org/schema/lang/spring-lang-4.0.xsd=org/springframework/scripting/config/spring-lang-4.0.xsd, http://www.springframework.org/schema/mvc/spring-mvc.xsd=org/springframework/web/servlet/config/spring-mvc-4.2.xsd, http://www.springframework.org/schema/mvc/spring-mvc-3.1.xsd=org/springframework/web/servlet/config/spring-mvc-3.1.xsd, http://www.springframework.org/schema/beans/spring-beans-4.1.xsd=org/springframework/beans/factory/xml/spring-beans-4.1.xsd, http://www.springframework.org/schema/tool/spring-tool-4.0.xsd=org/springframework/beans/factory/xml/spring-tool-4.0.xsd, http://www.springframework.org/schema/lang/spring-lang-3.1.xsd=org/springframework/scripting/config/spring-lang-3.1.xsd, http://www.springframework.org/schema/cache/spring-cache-3.1.xsd=org/springframework/cache/config/spring-cache-3.1.xsd, http://www.springframework.org/schema/jee/spring-jee-4.0.xsd=org/springframework/ejb/config/spring-jee-4.0.xsd, http://www.springframework.org/schema/task/spring-task-4.1.xsd=org/springframework/scheduling/config/spring-task-4.1.xsd, http://www.springframework.org/schema/tool/spring-tool-3.1.xsd=org/springframework/beans/factory/xml/spring-tool-3.1.xsd, http://www.springframework.org/schema/cache/spring-cache-4.0.xsd=org/springframework/cache/config/spring-cache-4.0.xsd, http://www.springframework.org/schema/jee/spring-jee-3.1.xsd=org/springframework/ejb/config/spring-jee-3.1.xsd, http://www.springframework.org/schema/task/spring-task-3.2.xsd=org/springframework/scheduling/config/spring-task-3.2.xsd, http://www.springframework.org/schema/util/spring-util-4.2.xsd=org/springframework/beans/factory/xml/spring-util-4.2.xsd, http://www.springframework.org/schema/beans/spring-beans-3.1.xsd=org/springframework/beans/factory/xml/spring-beans-3.1.xsd, http://www.springframework.org/schema/util/spring-util.xsd=org/springframework/beans/factory/xml/spring-util-4.2.xsd, http://www.springframework.org/schema/aop/spring-aop-3.0.xsd=org/springframework/aop/config/spring-aop-3.0.xsd, http://www.springframework.org/schema/mvc/spring-mvc-3.0.xsd=org/springframework/web/servlet/config/spring-mvc-3.0.xsd, http://www.springframework.org/schema/beans/spring-beans-4.0.xsd=org/springframework/beans/factory/xml/spring-beans-4.0.xsd, http://www.springframework.org/schema/oxm/spring-oxm-4.2.xsd=org/springframework/oxm/config/spring-oxm-4.2.xsd, http://www.springframework.org/schema/beans/spring-beans.xsd=org/springframework/beans/factory/xml/spring-beans-4.2.xsd, http://www.springframework.org/schema/web-services/web-services.xsd=/org/springframework/ws/config/web-services-2.0.xsd, http://www.springframework.org/schema/lang/spring-lang-3.0.xsd=org/springframework/scripting/config/spring-lang-3.0.xsd, http://www.springframework.org/schema/context/spring-context-2.5.xsd=org/springframework/context/config/spring-context-2.5.xsd, http://www.springframework.org/schema/task/spring-task-4.0.xsd=org/springframework/scheduling/config/spring-task-4.0.xsd, http://www.springframework.org/schema/tool/spring-tool-3.0.xsd=org/springframework/beans/factory/xml/spring-tool-3.0.xsd, http://www.springframework.org/schema/aop/spring-aop-2.0.xsd=org/springframework/aop/config/spring-aop-2.0.xsd, http://www.springframework.org/schema/jee/spring-jee-3.0.xsd=org/springframework/ejb/config/spring-jee-3.0.xsd, http://www.springframework.org/schema/util/spring-util-4.1.xsd=org/springframework/beans/factory/xml/spring-util-4.1.xsd, http://www.springframework.org/schema/task/spring-task-3.1.xsd=org/springframework/scheduling/config/spring-task-3.1.xsd, http://www.springframework.org/schema/beans/spring-beans-3.0.xsd=org/springframework/beans/factory/xml/spring-beans-3.0.xsd, http://www.springframework.org/schema/jee/spring-jee.xsd=org/springframework/ejb/config/spring-jee-4.2.xsd, http://www.springframework.org/schema/aop/spring-aop-2.5.xsd=org/springframework/aop/config/spring-aop-2.5.xsd, http://www.springframework.org/schema/lang/spring-lang-2.0.xsd=org/springframework/scripting/config/spring-lang-2.0.xsd, http://www.springframework.org/schema/oxm/spring-oxm.xsd=org/springframework/oxm/config/spring-oxm-4.2.xsd, http://www.springframework.org/schema/util/spring-util-3.2.xsd=org/springframework/beans/factory/xml/spring-util-3.2.xsd, http://www.springframework.org/schema/oxm/spring-oxm-4.1.xsd=org/springframework/oxm/config/spring-oxm-4.1.xsd, http://www.springframework.org/schema/task/spring-task.xsd=org/springframework/scheduling/config/spring-task-4.2.xsd, http://www.springframework.org/schema/tool/spring-tool-2.0.xsd=org/springframework/beans/factory/xml/spring-tool-2.0.xsd, http://www.springframework.org/schema/lang/spring-lang-2.5.xsd=org/springframework/scripting/config/spring-lang-2.5.xsd, http://www.springframework.org/schema/context/spring-context-4.2.xsd=org/springframework/context/config/spring-context-4.2.xsd, http://www.springframework.org/schema/jee/spring-jee-2.0.xsd=org/springframework/ejb/config/spring-jee-2.0.xsd, http://www.springframework.org/schema/oxm/spring-oxm-3.2.xsd=org/springframework/oxm/config/spring-oxm-3.2.xsd, http://www.springframework.org/schema/tool/spring-tool-2.5.xsd=org/springframework/beans/factory/xml/spring-tool-2.5.xsd, http://www.springframework.org/schema/jee/spring-jee-2.5.xsd=org/springframework/ejb/config/spring-jee-2.5.xsd, http://www.springframework.org/schema/web-services/web-services-2.0.xsd=/org/springframework/ws/config/web-services-2.0.xsd, http://www.springframework.org/schema/util/spring-util-4.0.xsd=org/springframework/beans/factory/xml/spring-util-4.0.xsd, http://www.springframework.org/schema/task/spring-task-3.0.xsd=org/springframework/scheduling/config/spring-task-3.0.xsd, http://www.springframework.org/schema/aop/spring-aop-4.2.xsd=org/springframework/aop/config/spring-aop-4.2.xsd, http://www.springframework.org/schema/lang/spring-lang.xsd=org/springframework/scripting/config/spring-lang-4.2.xsd, http://www.springframework.org/schema/context/spring-context-3.2.xsd=org/springframework/context/config/spring-context-3.2.xsd, http://www.springframework.org/schema/mvc/spring-mvc-4.2.xsd=org/springframework/web/servlet/config/spring-mvc-4.2.xsd, http://www.springframework.org/schema/util/spring-util-3.1.xsd=org/springframework/beans/factory/xml/spring-util-3.1.xsd, http://www.springframework.org/schema/beans/spring-beans-2.0.xsd=org/springframework/beans/factory/xml/spring-beans-2.0.xsd, http://www.springframework.org/schema/oxm/spring-oxm-4.0.xsd=org/springframework/oxm/config/spring-oxm-4.0.xsd, http://www.springframework.org/schema/cache/spring-cache.xsd=org/springframework/cache/config/spring-cache-4.2.xsd, http://www.springframework.org/schema/lang/spring-lang-4.2.xsd=org/springframework/scripting/config/spring-lang-4.2.xsd, http://www.springframework.org/schema/context/spring-context-4.1.xsd=org/springframework/context/config/spring-context-4.1.xsd, http://www.springframework.org/schema/beans/spring-beans-2.5.xsd=org/springframework/beans/factory/xml/spring-beans-2.5.xsd, http://www.springframework.org/schema/oxm/spring-oxm-3.1.xsd=org/springframework/oxm/config/spring-oxm-3.1.xsd, http://www.springframework.org/schema/tool/spring-tool-4.2.xsd=org/springframework/beans/factory/xml/spring-tool-4.2.xsd, http://www.springframework.org/schema/jee/spring-jee-4.2.xsd=org/springframework/ejb/config/spring-jee-4.2.xsd, http://www.springframework.org/schema/web-services/web-services-1.5.xsd=/org/springframework/ws/config/web-services-1.5.xsd, http://www.springframework.org/schema/aop/spring-aop.xsd=org/springframework/aop/config/spring-aop-4.2.xsd}
2017-07-07 19:39:27,759 38418 [ForkJoinPool-2-worker-1] DEBUG o.s.b.f.xml.PluggableSchemaResolver.119  - Found XML schema [http://www.springframework.org/schema/beans/spring-beans-4.2.xsd] in classpath: org/springframework/beans/factory/xml/spring-beans-4.2.xsd
2017-07-07 19:39:27,926 38585 [ForkJoinPool-2-worker-1] DEBUG o.s.b.f.xml.PluggableSchemaResolver.119  - Found XML schema [http://www.springframework.org/schema/util/spring-util.xsd] in classpath: org/springframework/beans/factory/xml/spring-util-4.2.xsd
2017-07-07 19:39:27,958 38617 [ForkJoinPool-2-worker-1] DEBUG o.s.b.f.xml.PluggableSchemaResolver.119  - Found XML schema [http://www.springframework.org/schema/tool/spring-tool-4.2.xsd] in classpath: org/springframework/beans/factory/xml/spring-tool-4.2.xsd
2017-07-07 19:39:27,991 38650 [ForkJoinPool-2-worker-1] DEBUG o.s.b.f.x.DefaultBeanDefinitionDocumentReader.92  - Loading bean definitions
2017-07-07 19:39:28,033 38692 [ForkJoinPool-2-worker-1] DEBUG o.s.b.f.x.DefaultNamespaceHandlerResolver.157  - Loaded NamespaceHandler mappings: {http://www.springframework.org/schema/p=org.springframework.beans.factory.xml.SimplePropertyNamespaceHandler, http://www.springframework.org/schema/mvc=org.springframework.web.servlet.config.MvcNamespaceHandler, http://www.springframework.org/schema/web-services=org.springframework.ws.config.WebServicesNamespaceHandler, http://www.springframework.org/schema/util=org.springframework.beans.factory.xml.UtilNamespaceHandler, http://www.springframework.org/schema/jee=org.springframework.ejb.config.JeeNamespaceHandler, http://www.springframework.org/schema/aop=org.springframework.aop.config.AopNamespaceHandler, http://www.springframework.org/schema/oxm=org.springframework.oxm.config.OxmNamespaceHandler, http://www.springframework.org/schema/cache=org.springframework.cache.config.CacheNamespaceHandler, http://www.springframework.org/schema/c=org.springframework.beans.factory.xml.SimpleConstructorNamespaceHandler, http://www.springframework.org/schema/task=org.springframework.scheduling.config.TaskNamespaceHandler, http://www.springframework.org/schema/lang=org.springframework.scripting.config.LangNamespaceHandler, http://www.springframework.org/schema/context=org.springframework.context.config.ContextNamespaceHandler}
2017-07-07 19:39:28,046 38705 [ForkJoinPool-2-worker-1] DEBUG o.s.b.f.x.BeanDefinitionParserDelegate.1473  - Using generated bean name [util:constant#2ef44d18] for nested custom element 'util:constant'
2017-07-07 19:39:28,056 38715 [ForkJoinPool-2-worker-1] DEBUG o.s.b.f.xml.XmlBeanDefinitionReader.224  - Loaded 14 bean definitions from location pattern [applicationContext-integration.xml]
2017-07-07 19:39:28,057 38716 [ForkJoinPool-2-worker-1] DEBUG o.s.c.s.ClassPathXmlApplicationContext.612  - Bean factory for org.springframework.context.support.ClassPathXmlApplicationContext@5f55a4e0: org.springframework.beans.factory.support.DefaultListableBeanFactory@72ff7f82: defining beans [isLive,messageFactory,closeableHttpClient,externalHttpClient,solrCloseableHttpClient,httpComponentsMessageSender,bseOrderTemplate,liveBseOrderTemplate,bseOrderjaxb2Marshaller,bseStarObjectFactory,bseUploadTemplate,liveBseUploadTemplate,bseUploadjaxb2Marshaller,bseStarUploadObjectFactory]; root of factory hierarchy
2017-07-07 19:39:28,110 38769 [ForkJoinPool-2-worker-1] DEBUG o.s.c.s.ClassPathXmlApplicationContext.718  - Unable to locate MessageSource with name 'messageSource': using default [org.springframework.context.support.DelegatingMessageSource@599c4080]
2017-07-07 19:39:28,113 38772 [ForkJoinPool-2-worker-1] DEBUG o.s.c.s.ClassPathXmlApplicationContext.742  - Unable to locate ApplicationEventMulticaster with name 'applicationEventMulticaster': using default [org.springframework.context.event.SimpleApplicationEventMulticaster@567ae327]
2017-07-07 19:39:28,114 38773 [ForkJoinPool-2-worker-1] DEBUG o.s.b.f.s.DefaultListableBeanFactory.741  - Pre-instantiating singletons in org.springframework.beans.factory.support.DefaultListableBeanFactory@72ff7f82: defining beans [isLive,messageFactory,closeableHttpClient,externalHttpClient,solrCloseableHttpClient,httpComponentsMessageSender,bseOrderTemplate,liveBseOrderTemplate,bseOrderjaxb2Marshaller,bseStarObjectFactory,bseUploadTemplate,liveBseUploadTemplate,bseUploadjaxb2Marshaller,bseStarUploadObjectFactory]; root of factory hierarchy
2017-07-07 19:39:28,116 38775 [ForkJoinPool-2-worker-1] DEBUG o.s.b.f.s.DefaultListableBeanFactory.221  - Creating shared instance of singleton bean 'isLive'
2017-07-07 19:39:28,116 38775 [ForkJoinPool-2-worker-1] DEBUG o.s.b.f.s.DefaultListableBeanFactory.448  - Creating instance of bean 'isLive'
2017-07-07 19:39:28,186 38845 [ForkJoinPool-2-worker-1] DEBUG o.s.b.f.s.DefaultListableBeanFactory.529  - Eagerly caching bean 'isLive' to allow for resolving potential circular references
2017-07-07 19:39:28,191 38850 [ForkJoinPool-2-worker-1] DEBUG o.s.b.f.s.DefaultListableBeanFactory.484  - Finished creating instance of bean 'isLive'
2017-07-07 19:39:28,191 38850 [ForkJoinPool-2-worker-1] DEBUG o.s.b.f.s.DefaultListableBeanFactory.221  - Creating shared instance of singleton bean 'messageFactory'
2017-07-07 19:39:28,192 38851 [ForkJoinPool-2-worker-1] DEBUG o.s.b.f.s.DefaultListableBeanFactory.448  - Creating instance of bean 'messageFactory'
2017-07-07 19:39:28,199 38858 [ForkJoinPool-2-worker-1] DEBUG o.s.b.f.s.DefaultListableBeanFactory.529  - Eagerly caching bean 'messageFactory' to allow for resolving potential circular references
2017-07-07 19:39:28,200 38859 [ForkJoinPool-2-worker-1] DEBUG o.s.b.f.s.DefaultListableBeanFactory.448  - Creating instance of bean 'util:constant#2ef44d18'
2017-07-07 19:39:28,230 38889 [ForkJoinPool-2-worker-1] DEBUG o.s.b.f.s.DefaultListableBeanFactory.1620  - Invoking afterPropertiesSet() on bean with name 'util:constant#2ef44d18'
2017-07-07 19:39:28,232 38891 [ForkJoinPool-2-worker-1] DEBUG o.s.b.f.s.DefaultListableBeanFactory.484  - Finished creating instance of bean 'util:constant#2ef44d18'
2017-07-07 19:39:28,240 38899 [ForkJoinPool-2-worker-1] DEBUG o.s.b.f.s.DefaultListableBeanFactory.1620  - Invoking afterPropertiesSet() on bean with name 'messageFactory'
2017-07-07 19:39:28,241 38900 [ForkJoinPool-2-worker-1] INFO  o.s.w.s.saaj.SaajSoapMessageFactory.139  - Creating SAAJ 1.3 MessageFactory with SOAP 1.2 Protocol
2017-07-07 19:39:28,243 38902 [ForkJoinPool-2-worker-1] DEBUG o.s.w.s.saaj.SaajSoapMessageFactory.167  - Using MessageFactory class [com.sun.xml.internal.messaging.saaj.soap.ver1_2.SOAPMessageFactory1_2Impl]
2017-07-07 19:39:28,243 38902 [ForkJoinPool-2-worker-1] DEBUG o.s.b.f.s.DefaultListableBeanFactory.484  - Finished creating instance of bean 'messageFactory'
2017-07-07 19:39:28,244 38903 [ForkJoinPool-2-worker-1] DEBUG o.s.b.f.s.DefaultListableBeanFactory.221  - Creating shared instance of singleton bean 'closeableHttpClient'
2017-07-07 19:39:28,244 38903 [ForkJoinPool-2-worker-1] DEBUG o.s.b.f.s.DefaultListableBeanFactory.448  - Creating instance of bean 'closeableHttpClient'
2017-07-07 19:39:28,356 39015 [ForkJoinPool-2-worker-1] DEBUG o.s.b.f.s.DefaultListableBeanFactory.529  - Eagerly caching bean 'closeableHttpClient' to allow for resolving potential circular references
2017-07-07 19:39:28,356 39015 [ForkJoinPool-2-worker-1] DEBUG o.s.b.f.s.DefaultListableBeanFactory.484  - Finished creating instance of bean 'closeableHttpClient'
2017-07-07 19:39:28,357 39016 [ForkJoinPool-2-worker-1] DEBUG o.s.b.f.s.DefaultListableBeanFactory.221  - Creating shared instance of singleton bean 'externalHttpClient'
2017-07-07 19:39:28,357 39016 [ForkJoinPool-2-worker-1] DEBUG o.s.b.f.s.DefaultListableBeanFactory.448  - Creating instance of bean 'externalHttpClient'
2017-07-07 19:39:28,361 39020 [ForkJoinPool-2-worker-1] DEBUG o.s.b.f.s.DefaultListableBeanFactory.529  - Eagerly caching bean 'externalHttpClient' to allow for resolving potential circular references
2017-07-07 19:39:28,362 39021 [ForkJoinPool-2-worker-1] DEBUG o.s.b.f.s.DefaultListableBeanFactory.484  - Finished creating instance of bean 'externalHttpClient'
2017-07-07 19:39:28,362 39021 [ForkJoinPool-2-worker-1] DEBUG o.s.b.f.s.DefaultListableBeanFactory.221  - Creating shared instance of singleton bean 'solrCloseableHttpClient'
2017-07-07 19:39:28,363 39022 [ForkJoinPool-2-worker-1] DEBUG o.s.b.f.s.DefaultListableBeanFactory.448  - Creating instance of bean 'solrCloseableHttpClient'
2017-07-07 19:39:28,366 39025 [ForkJoinPool-2-worker-1] DEBUG o.s.b.f.s.DefaultListableBeanFactory.529  - Eagerly caching bean 'solrCloseableHttpClient' to allow for resolving potential circular references
2017-07-07 19:39:28,366 39025 [ForkJoinPool-2-worker-1] DEBUG o.s.b.f.s.DefaultListableBeanFactory.484  - Finished creating instance of bean 'solrCloseableHttpClient'
2017-07-07 19:39:28,367 39026 [ForkJoinPool-2-worker-1] DEBUG o.s.b.f.s.DefaultListableBeanFactory.221  - Creating shared instance of singleton bean 'httpComponentsMessageSender'
2017-07-07 19:39:28,367 39026 [ForkJoinPool-2-worker-1] DEBUG o.s.b.f.s.DefaultListableBeanFactory.448  - Creating instance of bean 'httpComponentsMessageSender'
2017-07-07 19:39:28,401 39060 [ForkJoinPool-2-worker-1] DEBUG o.s.b.f.s.DefaultListableBeanFactory.251  - Returning cached instance of singleton bean 'closeableHttpClient'
2017-07-07 19:39:28,418 39077 [ForkJoinPool-2-worker-1] DEBUG o.s.b.f.s.DefaultListableBeanFactory.529  - Eagerly caching bean 'httpComponentsMessageSender' to allow for resolving potential circular references
2017-07-07 19:39:28,418 39077 [ForkJoinPool-2-worker-1] DEBUG o.s.b.f.s.DefaultListableBeanFactory.1620  - Invoking afterPropertiesSet() on bean with name 'httpComponentsMessageSender'
2017-07-07 19:39:28,418 39077 [ForkJoinPool-2-worker-1] DEBUG o.s.b.f.s.DefaultListableBeanFactory.484  - Finished creating instance of bean 'httpComponentsMessageSender'
2017-07-07 19:39:28,419 39078 [ForkJoinPool-2-worker-1] DEBUG o.s.b.f.s.DefaultListableBeanFactory.221  - Creating shared instance of singleton bean 'bseOrderTemplate'
2017-07-07 19:39:28,419 39078 [ForkJoinPool-2-worker-1] DEBUG o.s.b.f.s.DefaultListableBeanFactory.448  - Creating instance of bean 'bseOrderTemplate'
2017-07-07 19:39:28,420 39079 [ForkJoinPool-2-worker-1] DEBUG o.s.b.f.s.DefaultListableBeanFactory.251  - Returning cached instance of singleton bean 'messageFactory'
2017-07-07 19:39:28,432 39091 [ForkJoinPool-2-worker-1] DEBUG org.springframework.beans.BeanUtils.459  - No property editor [org.springframework.oxm.MarshallerEditor] found for type org.springframework.oxm.Marshaller according to 'Editor' suffix convention
2017-07-07 19:39:28,444 39103 [ForkJoinPool-2-worker-1] DEBUG o.s.b.f.s.DefaultListableBeanFactory.529  - Eagerly caching bean 'bseOrderTemplate' to allow for resolving potential circular references
2017-07-07 19:39:28,444 39103 [ForkJoinPool-2-worker-1] DEBUG o.s.b.f.s.DefaultListableBeanFactory.221  - Creating shared instance of singleton bean 'bseOrderjaxb2Marshaller'
2017-07-07 19:39:28,444 39103 [ForkJoinPool-2-worker-1] DEBUG o.s.b.f.s.DefaultListableBeanFactory.448  - Creating instance of bean 'bseOrderjaxb2Marshaller'
2017-07-07 19:39:28,449 39108 [ForkJoinPool-2-worker-1] DEBUG o.s.b.f.s.DefaultListableBeanFactory.529  - Eagerly caching bean 'bseOrderjaxb2Marshaller' to allow for resolving potential circular references
2017-07-07 19:39:28,461 39120 [ForkJoinPool-2-worker-1] DEBUG o.s.b.f.s.DefaultListableBeanFactory.1620  - Invoking afterPropertiesSet() on bean with name 'bseOrderjaxb2Marshaller'
2017-07-07 19:39:28,461 39120 [ForkJoinPool-2-worker-1] INFO  o.s.oxm.jaxb.Jaxb2Marshaller.494  - Creating JAXBContext with context path [com.fincash.integration.ws.client.bsestar]
2017-07-07 19:39:28,462 39121 [ForkJoinPool-2-worker-1] DEBUG javax.xml.bind.282  - Searching jaxb.properties
2017-07-07 19:39:28,464 39123 [ForkJoinPool-2-worker-1] DEBUG javax.xml.bind.300  - Searching the system property
2017-07-07 19:39:28,465 39124 [ForkJoinPool-2-worker-1] DEBUG javax.xml.bind.473  - Unable to find from OSGi: javax.xml.bind.JAXBContext
2017-07-07 19:39:28,465 39124 [ForkJoinPool-2-worker-1] DEBUG javax.xml.bind.320  - Searching META-INF/services
2017-07-07 19:39:28,466 39125 [ForkJoinPool-2-worker-1] DEBUG javax.xml.bind.337  - Unable to load:META-INF/services/javax.xml.bind.JAXBContext
2017-07-07 19:39:28,467 39126 [ForkJoinPool-2-worker-1] DEBUG javax.xml.bind.355  - Trying to create the platform default provider
2017-07-07 19:39:28,467 39126 [ForkJoinPool-2-worker-1] DEBUG javax.xml.bind.565  - Trying to load com.sun.xml.internal.bind.v2.ContextFactory
2017-07-07 19:39:28,674 39333 [ForkJoinPool-2-worker-1] DEBUG o.s.b.f.s.DefaultListableBeanFactory.484  - Finished creating instance of bean 'bseOrderjaxb2Marshaller'
2017-07-07 19:39:28,682 39341 [ForkJoinPool-2-worker-1] DEBUG o.s.b.f.s.DefaultListableBeanFactory.251  - Returning cached instance of singleton bean 'bseOrderjaxb2Marshaller'
2017-07-07 19:39:28,682 39341 [ForkJoinPool-2-worker-1] DEBUG o.s.b.f.s.DefaultListableBeanFactory.251  - Returning cached instance of singleton bean 'httpComponentsMessageSender'
2017-07-07 19:39:28,688 39347 [ForkJoinPool-2-worker-1] DEBUG o.s.b.f.s.DefaultListableBeanFactory.1620  - Invoking afterPropertiesSet() on bean with name 'bseOrderTemplate'
2017-07-07 19:39:28,689 39348 [ForkJoinPool-2-worker-1] DEBUG o.s.b.f.s.DefaultListableBeanFactory.484  - Finished creating instance of bean 'bseOrderTemplate'
2017-07-07 19:39:28,690 39349 [ForkJoinPool-2-worker-1] DEBUG o.s.b.f.s.DefaultListableBeanFactory.221  - Creating shared instance of singleton bean 'liveBseOrderTemplate'
2017-07-07 19:39:28,690 39349 [ForkJoinPool-2-worker-1] DEBUG o.s.b.f.s.DefaultListableBeanFactory.448  - Creating instance of bean 'liveBseOrderTemplate'
2017-07-07 19:39:28,691 39350 [ForkJoinPool-2-worker-1] DEBUG o.s.b.f.s.DefaultListableBeanFactory.251  - Returning cached instance of singleton bean 'messageFactory'
2017-07-07 19:39:28,693 39352 [ForkJoinPool-2-worker-1] DEBUG o.s.b.f.s.DefaultListableBeanFactory.529  - Eagerly caching bean 'liveBseOrderTemplate' to allow for resolving potential circular references
2017-07-07 19:39:28,694 39353 [ForkJoinPool-2-worker-1] DEBUG o.s.b.f.s.DefaultListableBeanFactory.251  - Returning cached instance of singleton bean 'bseOrderjaxb2Marshaller'
2017-07-07 19:39:28,694 39353 [ForkJoinPool-2-worker-1] DEBUG o.s.b.f.s.DefaultListableBeanFactory.251  - Returning cached instance of singleton bean 'bseOrderjaxb2Marshaller'
2017-07-07 19:39:28,695 39354 [ForkJoinPool-2-worker-1] DEBUG o.s.b.f.s.DefaultListableBeanFactory.251  - Returning cached instance of singleton bean 'httpComponentsMessageSender'
2017-07-07 19:39:28,697 39356 [ForkJoinPool-2-worker-1] DEBUG o.s.b.f.s.DefaultListableBeanFactory.1620  - Invoking afterPropertiesSet() on bean with name 'liveBseOrderTemplate'
2017-07-07 19:39:28,697 39356 [ForkJoinPool-2-worker-1] DEBUG o.s.b.f.s.DefaultListableBeanFactory.484  - Finished creating instance of bean 'liveBseOrderTemplate'
2017-07-07 19:39:28,697 39356 [ForkJoinPool-2-worker-1] DEBUG o.s.b.f.s.DefaultListableBeanFactory.251  - Returning cached instance of singleton bean 'bseOrderjaxb2Marshaller'
2017-07-07 19:39:28,698 39357 [ForkJoinPool-2-worker-1] DEBUG o.s.b.f.s.DefaultListableBeanFactory.221  - Creating shared instance of singleton bean 'bseStarObjectFactory'
2017-07-07 19:39:28,698 39357 [ForkJoinPool-2-worker-1] DEBUG o.s.b.f.s.DefaultListableBeanFactory.448  - Creating instance of bean 'bseStarObjectFactory'
2017-07-07 19:39:28,699 39358 [ForkJoinPool-2-worker-1] DEBUG o.s.b.f.s.DefaultListableBeanFactory.529  - Eagerly caching bean 'bseStarObjectFactory' to allow for resolving potential circular references
2017-07-07 19:39:28,700 39359 [ForkJoinPool-2-worker-1] DEBUG o.s.b.f.s.DefaultListableBeanFactory.484  - Finished creating instance of bean 'bseStarObjectFactory'
2017-07-07 19:39:28,701 39360 [ForkJoinPool-2-worker-1] DEBUG o.s.b.f.s.DefaultListableBeanFactory.221  - Creating shared instance of singleton bean 'bseUploadTemplate'
2017-07-07 19:39:28,701 39360 [ForkJoinPool-2-worker-1] DEBUG o.s.b.f.s.DefaultListableBeanFactory.448  - Creating instance of bean 'bseUploadTemplate'
2017-07-07 19:39:28,701 39360 [ForkJoinPool-2-worker-1] DEBUG o.s.b.f.s.DefaultListableBeanFactory.251  - Returning cached instance of singleton bean 'messageFactory'
2017-07-07 19:39:28,704 39363 [ForkJoinPool-2-worker-1] DEBUG o.s.b.f.s.DefaultListableBeanFactory.529  - Eagerly caching bean 'bseUploadTemplate' to allow for resolving potential circular references
2017-07-07 19:39:28,704 39363 [ForkJoinPool-2-worker-1] DEBUG o.s.b.f.s.DefaultListableBeanFactory.221  - Creating shared instance of singleton bean 'bseUploadjaxb2Marshaller'
2017-07-07 19:39:28,705 39364 [ForkJoinPool-2-worker-1] DEBUG o.s.b.f.s.DefaultListableBeanFactory.448  - Creating instance of bean 'bseUploadjaxb2Marshaller'
2017-07-07 19:39:28,705 39364 [ForkJoinPool-2-worker-1] DEBUG o.s.b.f.s.DefaultListableBeanFactory.529  - Eagerly caching bean 'bseUploadjaxb2Marshaller' to allow for resolving potential circular references
2017-07-07 19:39:28,707 39366 [ForkJoinPool-2-worker-1] DEBUG o.s.b.f.s.DefaultListableBeanFactory.1620  - Invoking afterPropertiesSet() on bean with name 'bseUploadjaxb2Marshaller'
2017-07-07 19:39:28,707 39366 [ForkJoinPool-2-worker-1] INFO  o.s.oxm.jaxb.Jaxb2Marshaller.494  - Creating JAXBContext with context path [com.fincash.integration.ws.client.bsestar.upload]
2017-07-07 19:39:28,708 39367 [ForkJoinPool-2-worker-1] DEBUG javax.xml.bind.282  - Searching jaxb.properties
2017-07-07 19:39:28,710 39369 [ForkJoinPool-2-worker-1] DEBUG javax.xml.bind.300  - Searching the system property
2017-07-07 19:39:28,711 39370 [ForkJoinPool-2-worker-1] DEBUG javax.xml.bind.473  - Unable to find from OSGi: javax.xml.bind.JAXBContext
2017-07-07 19:39:28,712 39371 [ForkJoinPool-2-worker-1] DEBUG javax.xml.bind.320  - Searching META-INF/services
2017-07-07 19:39:28,713 39372 [ForkJoinPool-2-worker-1] DEBUG javax.xml.bind.337  - Unable to load:META-INF/services/javax.xml.bind.JAXBContext
2017-07-07 19:39:28,713 39372 [ForkJoinPool-2-worker-1] DEBUG javax.xml.bind.355  - Trying to create the platform default provider
2017-07-07 19:39:28,714 39373 [ForkJoinPool-2-worker-1] DEBUG javax.xml.bind.565  - Trying to load com.sun.xml.internal.bind.v2.ContextFactory
2017-07-07 19:39:28,746 39405 [ForkJoinPool-2-worker-1] DEBUG o.s.b.f.s.DefaultListableBeanFactory.484  - Finished creating instance of bean 'bseUploadjaxb2Marshaller'
2017-07-07 19:39:28,746 39405 [ForkJoinPool-2-worker-1] DEBUG o.s.b.f.s.DefaultListableBeanFactory.251  - Returning cached instance of singleton bean 'bseUploadjaxb2Marshaller'
2017-07-07 19:39:28,747 39406 [ForkJoinPool-2-worker-1] DEBUG o.s.b.f.s.DefaultListableBeanFactory.251  - Returning cached instance of singleton bean 'httpComponentsMessageSender'
2017-07-07 19:39:28,748 39407 [ForkJoinPool-2-worker-1] DEBUG o.s.b.f.s.DefaultListableBeanFactory.1620  - Invoking afterPropertiesSet() on bean with name 'bseUploadTemplate'
2017-07-07 19:39:28,749 39408 [ForkJoinPool-2-worker-1] DEBUG o.s.b.f.s.DefaultListableBeanFactory.484  - Finished creating instance of bean 'bseUploadTemplate'
2017-07-07 19:39:28,749 39408 [ForkJoinPool-2-worker-1] DEBUG o.s.b.f.s.DefaultListableBeanFactory.221  - Creating shared instance of singleton bean 'liveBseUploadTemplate'
2017-07-07 19:39:28,749 39408 [ForkJoinPool-2-worker-1] DEBUG o.s.b.f.s.DefaultListableBeanFactory.448  - Creating instance of bean 'liveBseUploadTemplate'
2017-07-07 19:39:28,750 39409 [ForkJoinPool-2-worker-1] DEBUG o.s.b.f.s.DefaultListableBeanFactory.251  - Returning cached instance of singleton bean 'messageFactory'
2017-07-07 19:39:28,751 39410 [ForkJoinPool-2-worker-1] DEBUG o.s.b.f.s.DefaultListableBeanFactory.529  - Eagerly caching bean 'liveBseUploadTemplate' to allow for resolving potential circular references
2017-07-07 19:39:28,752 39411 [ForkJoinPool-2-worker-1] DEBUG o.s.b.f.s.DefaultListableBeanFactory.251  - Returning cached instance of singleton bean 'bseUploadjaxb2Marshaller'
2017-07-07 19:39:28,752 39411 [ForkJoinPool-2-worker-1] DEBUG o.s.b.f.s.DefaultListableBeanFactory.251  - Returning cached instance of singleton bean 'bseUploadjaxb2Marshaller'
2017-07-07 19:39:28,752 39411 [ForkJoinPool-2-worker-1] DEBUG o.s.b.f.s.DefaultListableBeanFactory.251  - Returning cached instance of singleton bean 'httpComponentsMessageSender'
2017-07-07 19:39:28,754 39413 [ForkJoinPool-2-worker-1] DEBUG o.s.b.f.s.DefaultListableBeanFactory.1620  - Invoking afterPropertiesSet() on bean with name 'liveBseUploadTemplate'
2017-07-07 19:39:28,754 39413 [ForkJoinPool-2-worker-1] DEBUG o.s.b.f.s.DefaultListableBeanFactory.484  - Finished creating instance of bean 'liveBseUploadTemplate'
2017-07-07 19:39:28,755 39414 [ForkJoinPool-2-worker-1] DEBUG o.s.b.f.s.DefaultListableBeanFactory.251  - Returning cached instance of singleton bean 'bseUploadjaxb2Marshaller'
2017-07-07 19:39:28,755 39414 [ForkJoinPool-2-worker-1] DEBUG o.s.b.f.s.DefaultListableBeanFactory.221  - Creating shared instance of singleton bean 'bseStarUploadObjectFactory'
2017-07-07 19:39:28,755 39414 [ForkJoinPool-2-worker-1] DEBUG o.s.b.f.s.DefaultListableBeanFactory.448  - Creating instance of bean 'bseStarUploadObjectFactory'
2017-07-07 19:39:28,755 39414 [ForkJoinPool-2-worker-1] DEBUG o.s.b.f.s.DefaultListableBeanFactory.529  - Eagerly caching bean 'bseStarUploadObjectFactory' to allow for resolving potential circular references
2017-07-07 19:39:28,756 39415 [ForkJoinPool-2-worker-1] DEBUG o.s.b.f.s.DefaultListableBeanFactory.484  - Finished creating instance of bean 'bseStarUploadObjectFactory'
2017-07-07 19:39:28,763 39422 [ForkJoinPool-2-worker-1] DEBUG o.s.c.s.ClassPathXmlApplicationContext.769  - Unable to locate LifecycleProcessor with name 'lifecycleProcessor': using default [org.springframework.context.support.DefaultLifecycleProcessor@3bf3c45b]
2017-07-07 19:39:28,765 39424 [ForkJoinPool-2-worker-1] DEBUG o.s.b.f.s.DefaultListableBeanFactory.251  - Returning cached instance of singleton bean 'lifecycleProcessor'
2017-07-07 19:39:28,769 39428 [ForkJoinPool-2-worker-1] DEBUG o.s.c.e.PropertySourcesPropertyResolver.81  - Searching for key 'spring.liveBeansView.mbeanDomain' in [systemProperties]
2017-07-07 19:39:28,769 39428 [ForkJoinPool-2-worker-1] DEBUG o.s.c.e.PropertySourcesPropertyResolver.81  - Searching for key 'spring.liveBeansView.mbeanDomain' in [systemEnvironment]
2017-07-07 19:39:28,770 39429 [ForkJoinPool-2-worker-1] DEBUG o.s.c.e.PropertySourcesPropertyResolver.103  - Could not find key 'spring.liveBeansView.mbeanDomain' in any property source. Returning [null]
2017-07-07 19:39:28,775 39434 [ForkJoinPool-2-worker-1] DEBUG o.s.b.f.s.DefaultListableBeanFactory.251  - Returning cached instance of singleton bean 'lifecycleProcessor'
2017-07-07 19:39:28,780 39439 [ForkJoinPool-2-worker-1] DEBUG o.s.b.f.s.DefaultListableBeanFactory.251  - Returning cached instance of singleton bean 'solrCloseableHttpClient'
2017-07-07 19:39:28,782 39441 [ForkJoinPool-2-worker-1] DEBUG o.s.b.f.s.DefaultListableBeanFactory.251  - Returning cached instance of singleton bean 'externalHttpClient'
2017-07-07 19:39:28,782 39441 [ForkJoinPool-2-worker-1] DEBUG o.s.b.f.s.DefaultListableBeanFactory.251  - Returning cached instance of singleton bean 'isLive'
2017-07-07 19:39:28,783 39442 [ForkJoinPool-2-worker-1] DEBUG o.s.b.f.s.DefaultListableBeanFactory.251  - Returning cached instance of singleton bean 'isLive'
2017-07-07 19:39:28,785 39444 [ForkJoinPool-2-worker-1] DEBUG o.s.b.f.s.DefaultListableBeanFactory.251  - Returning cached instance of singleton bean 'bseOrderTemplate'
2017-07-07 19:39:28,787 39446 [ForkJoinPool-2-worker-1] DEBUG o.s.b.f.s.DefaultListableBeanFactory.251  - Returning cached instance of singleton bean 'bseUploadTemplate'
2017-07-07 19:39:28,788 39447 [ForkJoinPool-2-worker-1] DEBUG o.s.b.f.s.DefaultListableBeanFactory.251  - Returning cached instance of singleton bean 'bseStarObjectFactory'
2017-07-07 19:39:28,789 39448 [ForkJoinPool-2-worker-1] DEBUG o.s.b.f.s.DefaultListableBeanFactory.251  - Returning cached instance of singleton bean 'bseStarUploadObjectFactory'
2017-07-07 19:39:29,272 39931 [ForkJoinPool-2-worker-1] DEBUG n.s.e.config.ConfigurationFactory.98  - Configuring ehcache from URL: jar:file:/C:/Users/Fincash/.ivy2/cache/com.typesafe.play/play-cache_2.11/jars/play-cache_2.11-2.5.15.jar!/ehcache-default.xml
2017-07-07 19:39:29,273 39932 [ForkJoinPool-2-worker-1] DEBUG n.s.e.config.ConfigurationFactory.150  - Configuring ehcache from InputStream
2017-07-07 19:39:29,288 39947 [ForkJoinPool-2-worker-1] DEBUG net.sf.ehcache.config.BeanHandler.271  - Ignoring ehcache attribute xmlns:xsi
2017-07-07 19:39:29,289 39948 [ForkJoinPool-2-worker-1] DEBUG net.sf.ehcache.config.BeanHandler.271  - Ignoring ehcache attribute xsi:noNamespaceSchemaLocation
2017-07-07 19:39:29,307 39966 [ForkJoinPool-2-worker-1] DEBUG net.sf.ehcache.CacheManager.1036  - Creating new CacheManager with config URL: jar:file:/C:/Users/Fincash/.ivy2/cache/com.typesafe.play/play-cache_2.11/jars/play-cache_2.11-2.5.15.jar!/ehcache-default.xml
2017-07-07 19:39:29,314 39973 [ForkJoinPool-2-worker-1] DEBUG net.sf.ehcache.util.PropertyUtil.88  - propertiesString is null.
2017-07-07 19:39:29,335 39994 [ForkJoinPool-2-worker-1] DEBUG n.s.e.config.ConfigurationHelper.185  - No CacheManagerEventListenerFactory class specified. Skipping...
2017-07-07 19:39:29,359 40018 [ForkJoinPool-2-worker-1] DEBUG net.sf.ehcache.Cache.955  - No BootstrapCacheLoaderFactory class specified. Skipping...
2017-07-07 19:39:29,359 40018 [ForkJoinPool-2-worker-1] DEBUG net.sf.ehcache.Cache.929  - CacheWriter factory not configured. Skipping...
2017-07-07 19:39:29,362 40021 [ForkJoinPool-2-worker-1] DEBUG n.s.e.config.ConfigurationHelper.96  - No CacheExceptionHandlerFactory class specified. Skipping...
2017-07-07 19:39:29,460 40119 [ForkJoinPool-2-worker-1] WARN  slick.basic.DatabaseConfig.25  - Use `profile` instead of `driver`. The latter is deprecated since Slick 3.2 and will be removed.
2017-07-07 19:39:32,347 43006 [application-akka.actor.default-dispatcher-3] INFO  akka.event.slf4j.Slf4jLogger.92  - Slf4jLogger started
2017-07-07 19:39:32,356 43015 [application-akka.actor.default-dispatcher-3] DEBUG akka.event.EventStream.88  - logger log1-Slf4jLogger started
2017-07-07 19:39:32,360 43019 [application-akka.actor.default-dispatcher-3] DEBUG akka.event.EventStream.88  - Default Loggers started
2017-07-07 19:39:32,481 43140 [ForkJoinPool-2-worker-1] INFO  helpers.ZendeskHelper.34  - Initializing Zendesk ASYNC_HTTP_CLIENT
2017-07-07 19:39:32,566 43225 [ForkJoinPool-2-worker-1] DEBUG o.j.n.c.socket.nio.SelectorUtil.36  - Using select timeout of 500
2017-07-07 19:39:32,566 43225 [ForkJoinPool-2-worker-1] DEBUG o.j.n.c.socket.nio.SelectorUtil.36  - Epoll-bug workaround enabled = false
2017-07-07 19:39:32,608 43267 [ForkJoinPool-2-worker-1] DEBUG o.j.n.channel.DefaultChannelFuture.36  - The dead lock checker in DefaultChannelFuture has been disabled as requested at your own risk.
2017-07-07 19:39:33,023 43682 [ForkJoinPool-2-worker-1] DEBUG io.netty.handler.ssl.JdkSslContext.76  - Default protocols (JDK): [TLSv1.2, TLSv1.1, TLSv1] 
2017-07-07 19:39:33,024 43683 [ForkJoinPool-2-worker-1] DEBUG io.netty.handler.ssl.JdkSslContext.76  - Default cipher suites (JDK): [TLS_ECDHE_ECDSA_WITH_AES_128_GCM_SHA256, TLS_ECDHE_RSA_WITH_AES_128_GCM_SHA256, TLS_ECDHE_RSA_WITH_AES_128_CBC_SHA, TLS_RSA_WITH_AES_128_GCM_SHA256, TLS_RSA_WITH_AES_128_CBC_SHA]
2017-07-07 19:39:33,079 43738 [ForkJoinPool-2-worker-1] DEBUG i.n.util.ResourceLeakDetectorFactory.76  - Loaded default ResourceLeakDetector: io.netty.util.ResourceLeakDetector@7c79c896
2017-07-07 19:39:33,392 44051 [ForkJoinPool-2-worker-1] INFO  play.api.Play.116  - Application started (Dev)
2017-07-07 19:39:33,580 44239 [netty-event-loop-3] DEBUG i.n.u.i.JavassistTypeParameterMatcherGenerator.76  - Generated: io.netty.util.internal.__matchers__.io.netty.handler.codec.http.HttpContentMatcher
2017-07-07 19:39:33,690 44349 [reactivemongo-akka.actor.default-dispatcher-3] INFO  akka.event.slf4j.Slf4jLogger.92  - Slf4jLogger started
2017-07-07 19:39:33,694 44353 [reactivemongo-akka.actor.default-dispatcher-3] DEBUG akka.event.EventStream.88  - logger log1-Slf4jLogger started
2017-07-07 19:39:33,695 44354 [reactivemongo-akka.actor.default-dispatcher-3] DEBUG akka.event.EventStream.88  - Default Loggers started
2017-07-07 19:39:33,726 44385 [application-akka.actor.default-dispatcher-2] INFO  reactivemongo.api.MongoDriver.44  - [Supervisor-1] Creating connection: Connection-2
2017-07-07 19:39:33,796 44455 [reactivemongo-akka.actor.default-dispatcher-5] DEBUG s.n.channel.socket.nio.SelectorUtil.36  - Using select timeout of 500
2017-07-07 19:39:33,796 44455 [reactivemongo-akka.actor.default-dispatcher-5] DEBUG s.n.channel.socket.nio.SelectorUtil.36  - Epoll-bug workaround enabled = false
2017-07-07 19:39:33,992 44651 [reactivemongo-akka.actor.default-dispatcher-5] INFO  r.core.actors.MongoDBSystem.44  - [Supervisor-1/Connection-2] Starting the MongoDBSystem akka://reactivemongo/user/Connection-2
2017-07-07 19:40:10,036 80695 [application-akka.actor.default-dispatcher-3] DEBUG helpers.SolrSearchHelper.30  - q=*&sort=score+desc,rat+desc,dname+asc&fq=sopdef:1&fq=sopact:1&fq=smtact:1&fq=amcact:1&fq=bsepur:1&rows=10&start=0
2017-07-07 19:40:10,158 80817 [application-akka.actor.default-dispatcher-3] DEBUG helpers.SolrSearchHelper.30  - q=*&sort=score+desc,rat+desc,dname+asc&fq=sopdef:1&fq=sopact:1&fq=smtact:1&fq=amcact:1&fq=bsepur:1&rows=10&start=0
2017-07-07 19:40:10,982 81641 [application-akka.actor.default-dispatcher-2] DEBUG helpers.SolrSearchHelper.30  - q=*&sort=score+desc,rat+desc,dname+asc&fq=sopdef:1&fq=sopact:1&fq=smtact:1&fq=amcact:1&fq=bsepur:1&rows=10&start=0
2017-07-07 19:40:10,995 81654 [application-akka.actor.default-dispatcher-2] DEBUG helpers.SolrSearchHelper.108  - q=*&fq=sopdef:1&fq=sopact:1&fq=smtact:1&fq=amcact:1&fq=bsepur:1&facet=true&facet.field=drat&facet.query=*&facet.mincount=1&facet.sort=drat&facet.range=drat&f.drat.facet.range.start=1&f.drat.facet.range.end=100&f.drat.facet.range.gap=2&facet.interval=drat&f.drat.facet.interval.set=[1,2)&f.drat.facet.interval.set=[2,3)&f.drat.facet.interval.set=[3,4)&f.drat.facet.interval.set=[4,5)&f.drat.facet.interval.set=[5,6)
2017-07-07 19:40:10,995 81654 [application-akka.actor.default-dispatcher-2] DEBUG helpers.SolrSearchHelper.30  - q=*&fq=sopdef:1&fq=sopact:1&fq=smtact:1&fq=amcact:1&fq=bsepur:1&facet=true&facet.field=drat&facet.query=*&facet.mincount=1&facet.sort=drat&facet.range=drat&f.drat.facet.range.start=1&f.drat.facet.range.end=100&f.drat.facet.range.gap=2&facet.interval=drat&f.drat.facet.interval.set=[1,2)&f.drat.facet.interval.set=[2,3)&f.drat.facet.interval.set=[3,4)&f.drat.facet.interval.set=[4,5)&f.drat.facet.interval.set=[5,6)
2017-07-07 19:40:11,012 81671 [application-akka.actor.default-dispatcher-2] DEBUG helpers.SolrSearchHelper.110  - [org.apache.solr.client.solrj.response.RangeFacet$Numeric@5fc13bed]
2017-07-07 19:40:11,017 81676 [application-akka.actor.default-dispatcher-2] DEBUG helpers.SolrSearchHelper.108  - q=*&fq=sopdef:1&fq=sopact:1&fq=smtact:1&fq=amcact:1&fq=bsepur:1&facet=true&facet.field=dage&facet.query=*&facet.mincount=1&facet.sort=dage&facet.range=dage&f.dage.facet.range.start=1&f.dage.facet.range.end=100&f.dage.facet.range.gap=2&facet.interval=dage&f.dage.facet.interval.set=[1,*]&f.dage.facet.interval.set=[3,*]&f.dage.facet.interval.set=[5,*]&f.dage.facet.interval.set=[7,*]&f.dage.facet.interval.set=[10,*]
2017-07-07 19:40:11,017 81676 [application-akka.actor.default-dispatcher-2] DEBUG helpers.SolrSearchHelper.30  - q=*&fq=sopdef:1&fq=sopact:1&fq=smtact:1&fq=amcact:1&fq=bsepur:1&facet=true&facet.field=dage&facet.query=*&facet.mincount=1&facet.sort=dage&facet.range=dage&f.dage.facet.range.start=1&f.dage.facet.range.end=100&f.dage.facet.range.gap=2&facet.interval=dage&f.dage.facet.interval.set=[1,*]&f.dage.facet.interval.set=[3,*]&f.dage.facet.interval.set=[5,*]&f.dage.facet.interval.set=[7,*]&f.dage.facet.interval.set=[10,*]
2017-07-07 19:40:11,029 81688 [application-akka.actor.default-dispatcher-2] DEBUG helpers.SolrSearchHelper.110  - [org.apache.solr.client.solrj.response.RangeFacet$Numeric@45cbc888]
2017-07-07 19:40:11,030 81689 [application-akka.actor.default-dispatcher-2] DEBUG helpers.SolrSearchHelper.108  - q=*&fq=sopdef:1&fq=sopact:1&fq=smtact:1&fq=amcact:1&fq=bsepur:1&facet=true&facet.field=daum&facet.query=*&facet.mincount=1&facet.sort=daum&facet.range=daum&f.daum.facet.range.start=1&f.daum.facet.range.end=100&f.daum.facet.range.gap=2&facet.interval=daum&f.daum.facet.interval.set=[0,100)&f.daum.facet.interval.set=[100,500)&f.daum.facet.interval.set=[500,1000)&f.daum.facet.interval.set=[1000,2000)&f.daum.facet.interval.set=[2000,5000)&f.daum.facet.interval.set=[5000,10000)&f.daum.facet.interval.set=[10000,50000)
2017-07-07 19:40:11,031 81690 [application-akka.actor.default-dispatcher-2] DEBUG helpers.SolrSearchHelper.30  - q=*&fq=sopdef:1&fq=sopact:1&fq=smtact:1&fq=amcact:1&fq=bsepur:1&facet=true&facet.field=daum&facet.query=*&facet.mincount=1&facet.sort=daum&facet.range=daum&f.daum.facet.range.start=1&f.daum.facet.range.end=100&f.daum.facet.range.gap=2&facet.interval=daum&f.daum.facet.interval.set=[0,100)&f.daum.facet.interval.set=[100,500)&f.daum.facet.interval.set=[500,1000)&f.daum.facet.interval.set=[1000,2000)&f.daum.facet.interval.set=[2000,5000)&f.daum.facet.interval.set=[5000,10000)&f.daum.facet.interval.set=[10000,50000)
2017-07-07 19:40:11,041 81700 [application-akka.actor.default-dispatcher-2] DEBUG helpers.SolrSearchHelper.110  - [org.apache.solr.client.solrj.response.RangeFacet$Numeric@2ddbbbfd]
2017-07-07 19:40:11,044 81703 [application-akka.actor.default-dispatcher-2] DEBUG helpers.SolrSearchHelper.91  - q=*&fq=sopdef:1&fq=sopact:1&fq=smtact:1&fq=amcact:1&fq=bsepur:1&facet=true&facet.field=damc&facet.query=*&facet.mincount=1
2017-07-07 19:40:11,047 81706 [application-akka.actor.default-dispatcher-2] DEBUG helpers.SolrSearchHelper.92  - *
2017-07-07 19:40:11,048 81707 [application-akka.actor.default-dispatcher-2] DEBUG helpers.SolrSearchHelper.93  - damc
2017-07-07 19:40:11,048 81707 [application-akka.actor.default-dispatcher-2] DEBUG helpers.SolrSearchHelper.30  - q=*&fq=sopdef:1&fq=sopact:1&fq=smtact:1&fq=amcact:1&fq=bsepur:1&facet=true&facet.field=damc&facet.query=*&facet.mincount=1
2017-07-07 19:40:11,059 81718 [application-akka.actor.default-dispatcher-2] DEBUG helpers.SolrSearchHelper.91  - q=*&fq=sopdef:1&fq=sopact:1&fq=smtact:1&fq=amcact:1&fq=bsepur:1&facet=true&facet.field=dcat&facet.query=*&facet.mincount=1
2017-07-07 19:40:11,059 81718 [application-akka.actor.default-dispatcher-2] DEBUG helpers.SolrSearchHelper.92  - *
2017-07-07 19:40:11,059 81718 [application-akka.actor.default-dispatcher-2] DEBUG helpers.SolrSearchHelper.93  - dcat
2017-07-07 19:40:11,059 81718 [application-akka.actor.default-dispatcher-2] DEBUG helpers.SolrSearchHelper.30  - q=*&fq=sopdef:1&fq=sopact:1&fq=smtact:1&fq=amcact:1&fq=bsepur:1&facet=true&facet.field=dcat&facet.query=*&facet.mincount=1
2017-07-07 19:40:11,074 81733 [application-akka.actor.default-dispatcher-2] DEBUG helpers.SolrSearchHelper.91  - q=*&fq=sopdef:1&fq=sopact:1&fq=smtact:1&fq=amcact:1&fq=bsepur:1&facet=true&facet.field=dscat&facet.query=*&facet.mincount=1
2017-07-07 19:40:11,075 81734 [application-akka.actor.default-dispatcher-2] DEBUG helpers.SolrSearchHelper.92  - *
2017-07-07 19:40:11,075 81734 [application-akka.actor.default-dispatcher-2] DEBUG helpers.SolrSearchHelper.93  - dscat
2017-07-07 19:40:11,075 81734 [application-akka.actor.default-dispatcher-2] DEBUG helpers.SolrSearchHelper.30  - q=*&fq=sopdef:1&fq=sopact:1&fq=smtact:1&fq=amcact:1&fq=bsepur:1&facet=true&facet.field=dscat&facet.query=*&facet.mincount=1
2017-07-07 19:40:16,085 86744 [application-akka.actor.default-dispatcher-13] INFO  com.zaxxer.hikari.HikariDataSource.70  - db - Started.
2017-07-07 19:40:17,786 88445 [application-akka.actor.default-dispatcher-10] DEBUG service.PaymentService.66  - Last Payment Cut off time = 2017-07-06 15:00:00.001 Segment = EQUITY
2017-07-07 19:40:18,309 88968 [application-akka.actor.default-dispatcher-13] DEBUG service.PaymentService.66  - Last Payment Cut off time = 2017-07-06 15:00:00.001 Segment = DEBT
2017-07-07 19:40:31,842 102501 [application-akka.actor.default-dispatcher-13] DEBUG helpers.SolrSearchHelper.30  - defType=edismax&pf=textShingle&pf=text&ps=10&qf=text&qf=textShingle&qf=name^2&qf=amc^1.5&qf=scat^1&qf=cat^0.5&qf=fono^0.1&fq=uid:100006&rows=100&q=*
2017-07-07 19:40:32,349 103008 [application-akka.actor.default-dispatcher-13] DEBUG controllers.OrderController.147  - InstaFunds
2017-07-07 19:40:34,134 104793 [application-akka.actor.default-dispatcher-13] DEBUG s.i.BirlaIntegrationServiceImpl.488  - Doc found in Mongo
2017-07-07 19:40:34,142 104801 [application-akka.actor.default-dispatcher-13] DEBUG s.i.BirlaIntegrationServiceImpl.313  - inputString >>> 1019123326
2017-07-07 19:40:34,142 104801 [application-akka.actor.default-dispatcher-13] DEBUG s.i.BirlaIntegrationServiceImpl.314  - NEW SALT >> 111FB1DF878-0B4B-481B-A90A-B575FC1FC358111
2017-07-07 19:40:34,143 104802 [application-akka.actor.default-dispatcher-13] DEBUG s.i.BirlaIntegrationServiceImpl.315  - TS >> 070717194034
2017-07-07 19:40:34,163 104822 [application-akka.actor.default-dispatcher-13] DEBUG s.i.BirlaIntegrationServiceImpl.317  - CHECKSUM >> yA4kkceLfTUwdlpvpx8ZeA==
2017-07-07 19:40:35,412 106071 [application-akka.actor.default-dispatcher-10] DEBUG controllers.SavingsPlusController.74  - REL FOLIO OUTPUT >> {"ARN_Code":"","AgentName":"","BankName":"Standard Chartered Bank","EUIN":"","EasyInvestFlag":"N","Folio":"477170815862","FreeAmt":"190374.48","FreeSwpAmt":"0.00","Freeunits":"47.324","InProcessAmt":"-560.00","InstaRedeemEligible":"Y","Insta_Amount":"46820.00","Insta_units":"47.32","LockinAmt":"0.00","LockinSWPAmt":"0.00","Lockinunits":"0.000","MinAmt":"100","MinUnits":"0.001","Msg1":"You are eligible for Instant Redemption upto Rs 46820.00 Instant Redemption is a special feature which enables the payout within 30 minutes to your registered bank account. <%CLICKHERE%> to know more about Redeemable Bala\r\n\r\nnce.","Msg2":"You are eligible for Instant Redemption upto Units 47.32 Instant Redemption is a special feature which enables the payout within 30 minutes to your registered bank account. <%CLICKHERE%> to know more about Redeemable \r\n\r\nBalance.","Nav":"4022.7892","Nav_Date":"7/6/2017 12:00:00 AM","Option_code":"G","Plan_code":"IG","PledgeUnits":"0.000","RestrictedAmt":"500","RestrictedUnits":"0.1243","Return_Msg":"Data retrived.","Return_code":"0","SUBARNCode":"","SchemeCategory":"LIQUID","SchemeDescription":"RELIANCE LIQUID FUND - TREASURY PLAN GROWTH PLAN - GROWTH OPTION GROWTH","Scheme_code":"LF","TotalAmt":"190374.48","Totalunits":"47.324"}
2017-07-07 19:40:35,512 106171 [application-akka.actor.default-dispatcher-15] DEBUG controllers.SavingsPlusController.74  - REL FOLIO OUTPUT >> {"ARN_Code":"","AgentName":"","BankName":"Standard Chartered Bank","EUIN":"","EasyInvestFlag":"N","Folio":"477170815964","FreeAmt":"80946.56","FreeSwpAmt":"0.00","Freeunits":"20.122","InProcessAmt":"-3050.00","InstaRedeemEligible":"Y","Insta_Amount":"46820.00","Insta_units":"20.12","LockinAmt":"0.00","LockinSWPAmt":"0.00","Lockinunits":"0.000","MinAmt":"100","MinUnits":"0.001","Msg1":"You are eligible for Instant Redemption upto Rs 46820.00 Instant Redemption is a special feature which enables the payout within 30 minutes to your registered bank account. <%CLICKHERE%> to know more about Redeemable Bala\r\n\r\nnce.","Msg2":"You are eligible for Instant Redemption upto Units 20.12 Instant Redemption is a special feature which enables the payout within 30 minutes to your registered bank account. <%CLICKHERE%> to know more about Redeemable \r\n\r\nBalance.","Nav":"4022.7892","Nav_Date":"7/6/2017 12:00:00 AM","Option_code":"G","Plan_code":"IG","PledgeUnits":"0.000","RestrictedAmt":"500","RestrictedUnits":"0.1243","Return_Msg":"Data retrived.","Return_code":"0","SUBARNCode":"","SchemeCategory":"LIQUID","SchemeDescription":"RELIANCE LIQUID FUND - TREASURY PLAN GROWTH PLAN - GROWTH OPTION GROWTH","Scheme_code":"LF","TotalAmt":"80946.56","Totalunits":"20.122"}
2017-07-07 19:40:36,179 106838 [application-akka.actor.default-dispatcher-9] DEBUG controllers.SavingsPlusController.74  - REL FOLIO OUTPUT >> {"ARN_Code":"","AgentName":"","BankName":"Standard Chartered Bank","EUIN":"","EasyInvestFlag":"N","Folio":"477168802651","FreeAmt":"7128.38","FreeSwpAmt":"0.00","Freeunits":"1.772","InProcessAmt":"0.00","InstaRedeemEligible":"Y","Insta_Amount":"3235.54","Insta_units":"1.77","LockinAmt":"0.00","LockinSWPAmt":"0.00","Lockinunits":"0.000","MinAmt":"100","MinUnits":"0.001","Msg1":"You are eligible for Instant Redemption upto Rs 3235.54 Instant Redemption is a special feature which enables the payout within 30 minutes to your registered bank account. <%CLICKHERE%> to know more about Redeemable Bala\r\n\r\nnce.","Msg2":"You are eligible for Instant Redemption upto Units 1.77 Instant Redemption is a special feature which enables the payout within 30 minutes to your registered bank account. <%CLICKHERE%> to know more about Redeemable \r\n\r\nBalance.","Nav":"4022.7892","Nav_Date":"7/6/2017 12:00:00 AM","Option_code":"G","Plan_code":"IG","PledgeUnits":"0.000","RestrictedAmt":"500","RestrictedUnits":"0.1243","Return_Msg":"Data retrived.","Return_code":"0","SUBARNCode":"","SchemeCategory":"LIQUID","SchemeDescription":"RELIANCE LIQUID FUND - TREASURY PLAN GROWTH PLAN - GROWTH OPTION GROWTH","Scheme_code":"LF","TotalAmt":"7128.38","Totalunits":"1.772"}
2017-07-07 19:40:37,838 108497 [application-akka.actor.default-dispatcher-13] DEBUG s.i.BirlaIntegrationServiceImpl.339  - OUTPUT >> {"BankDetails":[{"AccountNumber":"22510789850","AccountType":"SB","BankEligible":"Y","BankInfo":"","BankName":"Standard Chartered Bank","BranchCity":"MUMBAI","BranchName":"2325 M G ROAD","IFSCCode":"SCBL0036046","PayoutID":"D"}],"FolioNo":"1019123326","IRHeaderId":"18867","IRPerDayAmount":0,"ReturnCode":"1","ReturnMsg":"Record retrieved successfully","SchemeDetails":[{"ClosingBalance":"1,488.008","DefaultBankAccountNo":"22510789850","DefaultBankAvailable":"Y","MarketValue":"149,090.96","Max_Amount":"50000","SchemeCode":"153DD","SchemeName":"Birla Sun Life Cash Plus - Daily Dividend-Regular Plan","TaxStatus":"01/Individual"},{"ClosingBalance":"6.627","DefaultBankAccountNo":"22510789850","DefaultBankAvailable":"Y","MarketValue":"1,756.58","Max_Amount":"1580","SchemeCode":"153G","SchemeName":"Birla Sun Life Cash Plus - Growth-Regular Plan","TaxStatus":"01/Individual"}],"UDP":""}
2017-07-07 19:40:37,838 108497 [application-akka.actor.default-dispatcher-13] DEBUG s.i.BirlaIntegrationServiceImpl.343  - getIRDetailsForFolio success
2017-07-07 19:40:51,860 122519 [ForkJoinPool-4-worker-7] DEBUG service.JwtService.102  - Deleted Document Successfully
2017-07-07 19:41:11,406 142065 [application-akka.actor.default-dispatcher-2] DEBUG controllers.LoginController.173  - successfully inserted document
2017-07-07 19:41:11,567 142226 [application-akka.actor.default-dispatcher-10] DEBUG controllers.CartController.128  - {"cartId":""}
2017-07-07 19:41:11,567 142226 [application-akka.actor.default-dispatcher-10] DEBUG controllers.CartController.131  - Some("")
2017-07-07 19:41:11,922 142581 [application-akka.actor.default-dispatcher-14] DEBUG service.CartService.127  - no cart id >>> all Funds size >>>>>> 0
2017-07-07 19:41:13,478 144137 [application-akka.actor.default-dispatcher-14] DEBUG service.PaymentService.66  - Last Payment Cut off time = 2017-07-06 15:00:00.001 Segment = EQUITY
2017-07-07 19:41:14,454 145113 [application-akka.actor.default-dispatcher-16] DEBUG service.PaymentService.66  - Last Payment Cut off time = 2017-07-06 15:00:00.001 Segment = DEBT
2017-07-07 19:41:19,725 150384 [application-akka.actor.default-dispatcher-20] DEBUG helpers.SolrSearchHelper.30  - defType=edismax&pf=textShingle&pf=text&ps=10&qf=text&qf=textShingle&qf=name^2&qf=amc^1.5&qf=scat^1&qf=cat^0.5&qf=fono^0.1&fq=uid:100029&rows=100&q=*
2017-07-07 19:41:20,983 151642 [application-akka.actor.default-dispatcher-20] DEBUG controllers.OrderController.147  - InstaFunds
2017-07-07 19:41:21,125 151784 [application-akka.actor.default-dispatcher-16] DEBUG s.i.BirlaIntegrationServiceImpl.488  - Doc found in Mongo
2017-07-07 19:41:21,126 151785 [application-akka.actor.default-dispatcher-16] DEBUG s.i.BirlaIntegrationServiceImpl.313  - inputString >>> 1018757019
2017-07-07 19:41:21,126 151785 [application-akka.actor.default-dispatcher-16] DEBUG s.i.BirlaIntegrationServiceImpl.314  - NEW SALT >> 111FB1DF878-0B4B-481B-A90A-B575FC1FC358111
2017-07-07 19:41:21,126 151785 [application-akka.actor.default-dispatcher-16] DEBUG s.i.BirlaIntegrationServiceImpl.315  - TS >> 070717194121
2017-07-07 19:41:21,129 151788 [application-akka.actor.default-dispatcher-16] DEBUG s.i.BirlaIntegrationServiceImpl.317  - CHECKSUM >> w09zlSnDuqfN1u2OL1sRWA==
2017-07-07 19:41:22,330 152989 [application-akka.actor.default-dispatcher-2] DEBUG controllers.SavingsPlusController.74  - REL FOLIO OUTPUT >> {"ARN_Code":"","AgentName":"","BankName":"ICICI Bank - Retail Net Bankin","EUIN":"","EasyInvestFlag":"N","Folio":"477171168291","FreeAmt":"43112.23","FreeSwpAmt":"0.00","Freeunits":"10.717","InProcessAmt":"-31638.00","InstaRedeemEligible":"Y","Insta_Amount":"7163.01","Insta_units":"10.72","LockinAmt":"0.00","LockinSWPAmt":"0.00","Lockinunits":"0.000","MinAmt":"100","MinUnits":"0.001","Msg1":"You are eligible for Instant Redemption upto Rs 7163.01 Instant Redemption is a special feature which enables the payout within 30 minutes to your registered bank account. <%CLICKHERE%> to know more about Redeemable Bala\r\n\r\nnce.","Msg2":"You are eligible for Instant Redemption upto Units 10.72 Instant Redemption is a special feature which enables the payout within 30 minutes to your registered bank account. <%CLICKHERE%> to know more about Redeemable \r\n\r\nBalance.","Nav":"4022.7892","Nav_Date":"7/6/2017 12:00:00 AM","Option_code":"G","Plan_code":"IG","PledgeUnits":"0.000","RestrictedAmt":"500","RestrictedUnits":"0.1243","Return_Msg":"Data retrived.","Return_code":"0","SUBARNCode":"","SchemeCategory":"LIQUID","SchemeDescription":"RELIANCE LIQUID FUND - TREASURY PLAN GROWTH PLAN - GROWTH OPTION GROWTH","Scheme_code":"LF","TotalAmt":"43112.23","Totalunits":"10.717"}
2017-07-07 19:41:23,340 153999 [application-akka.actor.default-dispatcher-16] DEBUG s.i.BirlaIntegrationServiceImpl.339  - OUTPUT >> {"BankDetails":[{"AccountNumber":"015101533338","AccountType":"SB","BankEligible":"N","BankInfo":"Unable to proceed with Instant Redemption request. Your registered bank does not support IMPS payments.","BankName":"ICICI Bank  Retail Net Banking","BranchCity":"MUMBAI","BranchName":"MUMBAI  VASHI?","IFSCCode":"ICIC0000151","PayoutID":"D"}],"FolioNo":"1018757019","IRHeaderId":"18868","IRPerDayAmount":0,"ReturnCode":"1","ReturnMsg":"Record retrieved successfully","SchemeDetails":[{"ClosingBalance":"38.974","DefaultBankAccountNo":"015101533338","DefaultBankAvailable":"N","MarketValue":"10,330.63","Max_Amount":"9297","SchemeCode":"153G","SchemeName":"Birla Sun Life Cash Plus - Growth-Regular Plan","TaxStatus":"01/Individual"}],"UDP":""}
2017-07-07 19:41:23,340 153999 [application-akka.actor.default-dispatcher-16] DEBUG s.i.BirlaIntegrationServiceImpl.343  - getIRDetailsForFolio success
